2019-07-05 17:32:35
Full thread dump Java HotSpot(TM) 64-Bit Server VM (25.181-b13 mixed mode):

"Attach Listener" #61 daemon prio=9 os_prio=31 tid=0x00007ff2558fb000 nid=0x4b07 waiting on condition [0x0000000000000000]
   java.lang.Thread.State: RUNNABLE

"pool-1-thread-50" #60 prio=5 os_prio=31 tid=0x00007ff25605e000 nid=0xaf03 waiting for monitor entry [0x0000700007b58000]
   java.lang.Thread.State: BLOCKED (on object monitor)
	at java.util.Vector.removeElement(Vector.java:643)
	- waiting to lock <0x000000076eb623e8> (a java.util.Vector)
	at java.util.Vector.remove(Vector.java:802)
	at cc.home.AsyncTransport.unsubscribe(AsyncTransport.kt:45)
	at cc.home.SyncRequester.request(SyncRequester.kt:26)
	- locked <0x000000076adae488> (a java.lang.Object)
	at cc.home.MainKt$deadlockWithSyncSyncRequester$1.run(Main.kt:48)
	at java.util.concurrent.Executors$RunnableAdapter.call(Executors.java:511)
	at java.util.concurrent.FutureTask.run(FutureTask.java:266)
	at java.util.concurrent.ThreadPoolExecutor.runWorker(ThreadPoolExecutor.java:1149)
	at java.util.concurrent.ThreadPoolExecutor$Worker.run(ThreadPoolExecutor.java:624)
	at java.lang.Thread.run(Thread.java:748)

"pool-1-thread-49" #59 prio=5 os_prio=31 tid=0x00007ff25605d800 nid=0x15203 waiting for monitor entry [0x0000700007a55000]
   java.lang.Thread.State: BLOCKED (on object monitor)
	at java.util.Vector.removeElement(Vector.java:643)
	- waiting to lock <0x000000076eb623e8> (a java.util.Vector)
	at java.util.Vector.remove(Vector.java:802)
	at cc.home.AsyncTransport.unsubscribe(AsyncTransport.kt:45)
	at cc.home.SyncRequester.request(SyncRequester.kt:26)
	- locked <0x000000076ad9fec8> (a java.lang.Object)
	at cc.home.MainKt$deadlockWithSyncSyncRequester$1.run(Main.kt:48)
	at java.util.concurrent.Executors$RunnableAdapter.call(Executors.java:511)
	at java.util.concurrent.FutureTask.run(FutureTask.java:266)
	at java.util.concurrent.ThreadPoolExecutor.runWorker(ThreadPoolExecutor.java:1149)
	at java.util.concurrent.ThreadPoolExecutor$Worker.run(ThreadPoolExecutor.java:624)
	at java.lang.Thread.run(Thread.java:748)

"pool-1-thread-48" #58 prio=5 os_prio=31 tid=0x00007ff25590c800 nid=0xad03 waiting for monitor entry [0x0000700007952000]
   java.lang.Thread.State: BLOCKED (on object monitor)
	at java.util.Vector.removeElement(Vector.java:643)
	- waiting to lock <0x000000076eb623e8> (a java.util.Vector)
	at java.util.Vector.remove(Vector.java:802)
	at cc.home.AsyncTransport.unsubscribe(AsyncTransport.kt:45)
	at cc.home.SyncRequester.request(SyncRequester.kt:26)
	- locked <0x000000076ad92cc8> (a java.lang.Object)
	at cc.home.MainKt$deadlockWithSyncSyncRequester$1.run(Main.kt:48)
	at java.util.concurrent.Executors$RunnableAdapter.call(Executors.java:511)
	at java.util.concurrent.FutureTask.run(FutureTask.java:266)
	at java.util.concurrent.ThreadPoolExecutor.runWorker(ThreadPoolExecutor.java:1149)
	at java.util.concurrent.ThreadPoolExecutor$Worker.run(ThreadPoolExecutor.java:624)
	at java.lang.Thread.run(Thread.java:748)

"pool-1-thread-47" #57 prio=5 os_prio=31 tid=0x00007ff257068000 nid=0x15403 waiting for monitor entry [0x000070000784f000]
   java.lang.Thread.State: BLOCKED (on object monitor)
	at java.util.Vector.removeElement(Vector.java:643)
	- waiting to lock <0x000000076eb623e8> (a java.util.Vector)
	at java.util.Vector.remove(Vector.java:802)
	at cc.home.AsyncTransport.unsubscribe(AsyncTransport.kt:45)
	at cc.home.SyncRequester.request(SyncRequester.kt:26)
	- locked <0x000000076aba3da8> (a java.lang.Object)
	at cc.home.MainKt$deadlockWithSyncSyncRequester$1.run(Main.kt:48)
	at java.util.concurrent.Executors$RunnableAdapter.call(Executors.java:511)
	at java.util.concurrent.FutureTask.run(FutureTask.java:266)
	at java.util.concurrent.ThreadPoolExecutor.runWorker(ThreadPoolExecutor.java:1149)
	at java.util.concurrent.ThreadPoolExecutor$Worker.run(ThreadPoolExecutor.java:624)
	at java.lang.Thread.run(Thread.java:748)

"pool-1-thread-46" #56 prio=5 os_prio=31 tid=0x00007ff257067800 nid=0xaa03 waiting for monitor entry [0x000070000774c000]
   java.lang.Thread.State: BLOCKED (on object monitor)
	at java.util.Vector.removeElement(Vector.java:643)
	- waiting to lock <0x000000076eb623e8> (a java.util.Vector)
	at java.util.Vector.remove(Vector.java:802)
	at cc.home.AsyncTransport.unsubscribe(AsyncTransport.kt:45)
	at cc.home.SyncRequester.request(SyncRequester.kt:26)
	- locked <0x000000076eb504b8> (a java.lang.Object)
	at cc.home.MainKt$deadlockWithSyncSyncRequester$1.run(Main.kt:48)
	at java.util.concurrent.Executors$RunnableAdapter.call(Executors.java:511)
	at java.util.concurrent.FutureTask.run(FutureTask.java:266)
	at java.util.concurrent.ThreadPoolExecutor.runWorker(ThreadPoolExecutor.java:1149)
	at java.util.concurrent.ThreadPoolExecutor$Worker.run(ThreadPoolExecutor.java:624)
	at java.lang.Thread.run(Thread.java:748)

"pool-1-thread-45" #55 prio=5 os_prio=31 tid=0x00007ff25705c800 nid=0x7f03 waiting for monitor entry [0x0000700007649000]
   java.lang.Thread.State: BLOCKED (on object monitor)
	at java.util.Vector.removeElement(Vector.java:643)
	- waiting to lock <0x000000076eb623e8> (a java.util.Vector)
	at java.util.Vector.remove(Vector.java:802)
	at cc.home.AsyncTransport.unsubscribe(AsyncTransport.kt:45)
	at cc.home.SyncRequester.request(SyncRequester.kt:26)
	- locked <0x000000076ae5e618> (a java.lang.Object)
	at cc.home.MainKt$deadlockWithSyncSyncRequester$1.run(Main.kt:48)
	at java.util.concurrent.Executors$RunnableAdapter.call(Executors.java:511)
	at java.util.concurrent.FutureTask.run(FutureTask.java:266)
	at java.util.concurrent.ThreadPoolExecutor.runWorker(ThreadPoolExecutor.java:1149)
	at java.util.concurrent.ThreadPoolExecutor$Worker.run(ThreadPoolExecutor.java:624)
	at java.lang.Thread.run(Thread.java:748)

"pool-1-thread-44" #54 prio=5 os_prio=31 tid=0x00007ff25705b800 nid=0x7c03 waiting for monitor entry [0x0000700007546000]
   java.lang.Thread.State: BLOCKED (on object monitor)
	at java.util.Vector.removeElement(Vector.java:643)
	- waiting to lock <0x000000076eb623e8> (a java.util.Vector)
	at java.util.Vector.remove(Vector.java:802)
	at cc.home.AsyncTransport.unsubscribe(AsyncTransport.kt:45)
	at cc.home.SyncRequester.request(SyncRequester.kt:26)
	- locked <0x000000076af02348> (a java.lang.Object)
	at cc.home.MainKt$deadlockWithSyncSyncRequester$1.run(Main.kt:48)
	at java.util.concurrent.Executors$RunnableAdapter.call(Executors.java:511)
	at java.util.concurrent.FutureTask.run(FutureTask.java:266)
	at java.util.concurrent.ThreadPoolExecutor.runWorker(ThreadPoolExecutor.java:1149)
	at java.util.concurrent.ThreadPoolExecutor$Worker.run(ThreadPoolExecutor.java:624)
	at java.lang.Thread.run(Thread.java:748)

"pool-1-thread-43" #53 prio=5 os_prio=31 tid=0x00007ff256950800 nid=0x7b03 waiting for monitor entry [0x0000700007443000]
   java.lang.Thread.State: BLOCKED (on object monitor)
	at java.util.Vector.removeElement(Vector.java:643)
	- waiting to lock <0x000000076eb623e8> (a java.util.Vector)
	at java.util.Vector.remove(Vector.java:802)
	at cc.home.AsyncTransport.unsubscribe(AsyncTransport.kt:45)
	at cc.home.SyncRequester.request(SyncRequester.kt:26)
	- locked <0x000000076afa60b0> (a java.lang.Object)
	at cc.home.MainKt$deadlockWithSyncSyncRequester$1.run(Main.kt:48)
	at java.util.concurrent.Executors$RunnableAdapter.call(Executors.java:511)
	at java.util.concurrent.FutureTask.run(FutureTask.java:266)
	at java.util.concurrent.ThreadPoolExecutor.runWorker(ThreadPoolExecutor.java:1149)
	at java.util.concurrent.ThreadPoolExecutor$Worker.run(ThreadPoolExecutor.java:624)
	at java.lang.Thread.run(Thread.java:748)

"pool-1-thread-42" #52 prio=5 os_prio=31 tid=0x00007ff256950000 nid=0x7a03 waiting for monitor entry [0x0000700007340000]
   java.lang.Thread.State: BLOCKED (on object monitor)
	at java.util.Vector.removeElement(Vector.java:643)
	- waiting to lock <0x000000076eb623e8> (a java.util.Vector)
	at java.util.Vector.remove(Vector.java:802)
	at cc.home.AsyncTransport.unsubscribe(AsyncTransport.kt:45)
	at cc.home.SyncRequester.request(SyncRequester.kt:26)
	- locked <0x000000076eb178d8> (a java.lang.Object)
	at cc.home.MainKt$deadlockWithSyncSyncRequester$1.run(Main.kt:48)
	at java.util.concurrent.Executors$RunnableAdapter.call(Executors.java:511)
	at java.util.concurrent.FutureTask.run(FutureTask.java:266)
	at java.util.concurrent.ThreadPoolExecutor.runWorker(ThreadPoolExecutor.java:1149)
	at java.util.concurrent.ThreadPoolExecutor$Worker.run(ThreadPoolExecutor.java:624)
	at java.lang.Thread.run(Thread.java:748)

"pool-1-thread-41" #51 prio=5 os_prio=31 tid=0x00007ff25705b000 nid=0x8203 waiting for monitor entry [0x000070000723d000]
   java.lang.Thread.State: BLOCKED (on object monitor)
	at java.util.Vector.removeElement(Vector.java:643)
	- waiting to lock <0x000000076eb623e8> (a java.util.Vector)
	at java.util.Vector.remove(Vector.java:802)
	at cc.home.AsyncTransport.unsubscribe(AsyncTransport.kt:45)
	at cc.home.SyncRequester.request(SyncRequester.kt:26)
	- locked <0x000000076eb63118> (a java.lang.Object)
	at cc.home.MainKt$deadlockWithSyncSyncRequester$1.run(Main.kt:48)
	at java.util.concurrent.Executors$RunnableAdapter.call(Executors.java:511)
	at java.util.concurrent.FutureTask.run(FutureTask.java:266)
	at java.util.concurrent.ThreadPoolExecutor.runWorker(ThreadPoolExecutor.java:1149)
	at java.util.concurrent.ThreadPoolExecutor$Worker.run(ThreadPoolExecutor.java:624)
	at java.lang.Thread.run(Thread.java:748)

"pool-1-thread-40" #50 prio=5 os_prio=31 tid=0x00007ff25590b000 nid=0x8303 waiting for monitor entry [0x000070000713a000]
   java.lang.Thread.State: BLOCKED (on object monitor)
	at java.util.Vector.removeElement(Vector.java:643)
	- waiting to lock <0x000000076eb623e8> (a java.util.Vector)
	at java.util.Vector.remove(Vector.java:802)
	at cc.home.AsyncTransport.unsubscribe(AsyncTransport.kt:45)
	at cc.home.SyncRequester.request(SyncRequester.kt:26)
	- locked <0x000000076b1921d0> (a java.lang.Object)
	at cc.home.MainKt$deadlockWithSyncSyncRequester$1.run(Main.kt:48)
	at java.util.concurrent.Executors$RunnableAdapter.call(Executors.java:511)
	at java.util.concurrent.FutureTask.run(FutureTask.java:266)
	at java.util.concurrent.ThreadPoolExecutor.runWorker(ThreadPoolExecutor.java:1149)
	at java.util.concurrent.ThreadPoolExecutor$Worker.run(ThreadPoolExecutor.java:624)
	at java.lang.Thread.run(Thread.java:748)

"pool-1-thread-39" #49 prio=5 os_prio=31 tid=0x00007ff25705a000 nid=0x7703 waiting for monitor entry [0x0000700007037000]
   java.lang.Thread.State: BLOCKED (on object monitor)
	at java.util.Vector.removeElement(Vector.java:643)
	- waiting to lock <0x000000076eb623e8> (a java.util.Vector)
	at java.util.Vector.remove(Vector.java:802)
	at cc.home.AsyncTransport.unsubscribe(AsyncTransport.kt:45)
	at cc.home.SyncRequester.request(SyncRequester.kt:26)
	- locked <0x000000076b235750> (a java.lang.Object)
	at cc.home.MainKt$deadlockWithSyncSyncRequester$1.run(Main.kt:48)
	at java.util.concurrent.Executors$RunnableAdapter.call(Executors.java:511)
	at java.util.concurrent.FutureTask.run(FutureTask.java:266)
	at java.util.concurrent.ThreadPoolExecutor.runWorker(ThreadPoolExecutor.java:1149)
	at java.util.concurrent.ThreadPoolExecutor$Worker.run(ThreadPoolExecutor.java:624)
	at java.lang.Thread.run(Thread.java:748)

"pool-1-thread-38" #48 prio=5 os_prio=31 tid=0x00007ff257059800 nid=0x8603 waiting for monitor entry [0x0000700006f34000]
   java.lang.Thread.State: BLOCKED (on object monitor)
	at java.util.Vector.removeElement(Vector.java:643)
	- waiting to lock <0x000000076eb623e8> (a java.util.Vector)
	at java.util.Vector.remove(Vector.java:802)
	at cc.home.AsyncTransport.unsubscribe(AsyncTransport.kt:45)
	at cc.home.SyncRequester.request(SyncRequester.kt:26)
	- locked <0x000000076b2d9ad0> (a java.lang.Object)
	at cc.home.MainKt$deadlockWithSyncSyncRequester$1.run(Main.kt:48)
	at java.util.concurrent.Executors$RunnableAdapter.call(Executors.java:511)
	at java.util.concurrent.FutureTask.run(FutureTask.java:266)
	at java.util.concurrent.ThreadPoolExecutor.runWorker(ThreadPoolExecutor.java:1149)
	at java.util.concurrent.ThreadPoolExecutor$Worker.run(ThreadPoolExecutor.java:624)
	at java.lang.Thread.run(Thread.java:748)

"pool-1-thread-37" #47 prio=5 os_prio=31 tid=0x00007ff257058800 nid=0x8803 waiting for monitor entry [0x0000700006e31000]
   java.lang.Thread.State: BLOCKED (on object monitor)
	at java.util.Vector.removeElement(Vector.java:643)
	- waiting to lock <0x000000076eb623e8> (a java.util.Vector)
	at java.util.Vector.remove(Vector.java:802)
	at cc.home.AsyncTransport.unsubscribe(AsyncTransport.kt:45)
	at cc.home.SyncRequester.request(SyncRequester.kt:26)
	- locked <0x000000076eb067f8> (a java.lang.Object)
	at cc.home.MainKt$deadlockWithSyncSyncRequester$1.run(Main.kt:48)
	at java.util.concurrent.Executors$RunnableAdapter.call(Executors.java:511)
	at java.util.concurrent.FutureTask.run(FutureTask.java:266)
	at java.util.concurrent.ThreadPoolExecutor.runWorker(ThreadPoolExecutor.java:1149)
	at java.util.concurrent.ThreadPoolExecutor$Worker.run(ThreadPoolExecutor.java:624)
	at java.lang.Thread.run(Thread.java:748)

"pool-1-thread-36" #46 prio=5 os_prio=31 tid=0x00007ff257058000 nid=0x7603 waiting for monitor entry [0x0000700006d2e000]
   java.lang.Thread.State: BLOCKED (on object monitor)
	at java.util.Vector.removeElement(Vector.java:643)
	- waiting to lock <0x000000076eb623e8> (a java.util.Vector)
	at java.util.Vector.remove(Vector.java:802)
	at cc.home.AsyncTransport.unsubscribe(AsyncTransport.kt:45)
	at cc.home.SyncRequester.request(SyncRequester.kt:26)
	- locked <0x000000076b421028> (a java.lang.Object)
	at cc.home.MainKt$deadlockWithSyncSyncRequester$1.run(Main.kt:48)
	at java.util.concurrent.Executors$RunnableAdapter.call(Executors.java:511)
	at java.util.concurrent.FutureTask.run(FutureTask.java:266)
	at java.util.concurrent.ThreadPoolExecutor.runWorker(ThreadPoolExecutor.java:1149)
	at java.util.concurrent.ThreadPoolExecutor$Worker.run(ThreadPoolExecutor.java:624)
	at java.lang.Thread.run(Thread.java:748)

"pool-1-thread-35" #45 prio=5 os_prio=31 tid=0x00007ff257057000 nid=0x7403 waiting for monitor entry [0x0000700006c2b000]
   java.lang.Thread.State: BLOCKED (on object monitor)
	at java.util.Vector.removeElement(Vector.java:643)
	- waiting to lock <0x000000076eb623e8> (a java.util.Vector)
	at java.util.Vector.remove(Vector.java:802)
	at cc.home.AsyncTransport.unsubscribe(AsyncTransport.kt:45)
	at cc.home.SyncRequester.request(SyncRequester.kt:26)
	- locked <0x000000076b4c4d58> (a java.lang.Object)
	at cc.home.MainKt$deadlockWithSyncSyncRequester$1.run(Main.kt:48)
	at java.util.concurrent.Executors$RunnableAdapter.call(Executors.java:511)
	at java.util.concurrent.FutureTask.run(FutureTask.java:266)
	at java.util.concurrent.ThreadPoolExecutor.runWorker(ThreadPoolExecutor.java:1149)
	at java.util.concurrent.ThreadPoolExecutor$Worker.run(ThreadPoolExecutor.java:624)
	at java.lang.Thread.run(Thread.java:748)

"pool-1-thread-34" #44 prio=5 os_prio=31 tid=0x00007ff25590a000 nid=0x7203 waiting for monitor entry [0x0000700006b28000]
   java.lang.Thread.State: BLOCKED (on object monitor)
	at java.util.Vector.removeElement(Vector.java:643)
	- waiting to lock <0x000000076eb623e8> (a java.util.Vector)
	at java.util.Vector.remove(Vector.java:802)
	at cc.home.AsyncTransport.unsubscribe(AsyncTransport.kt:45)
	at cc.home.SyncRequester.request(SyncRequester.kt:26)
	- locked <0x000000076eb17718> (a java.lang.Object)
	at cc.home.MainKt$deadlockWithSyncSyncRequester$1.run(Main.kt:48)
	at java.util.concurrent.Executors$RunnableAdapter.call(Executors.java:511)
	at java.util.concurrent.FutureTask.run(FutureTask.java:266)
	at java.util.concurrent.ThreadPoolExecutor.runWorker(ThreadPoolExecutor.java:1149)
	at java.util.concurrent.ThreadPoolExecutor$Worker.run(ThreadPoolExecutor.java:624)
	at java.lang.Thread.run(Thread.java:748)

"pool-1-thread-33" #43 prio=5 os_prio=31 tid=0x00007ff255909800 nid=0x7003 waiting for monitor entry [0x0000700006a25000]
   java.lang.Thread.State: BLOCKED (on object monitor)
	at java.util.Vector.removeElement(Vector.java:643)
	- waiting to lock <0x000000076eb623e8> (a java.util.Vector)
	at java.util.Vector.remove(Vector.java:802)
	at cc.home.AsyncTransport.unsubscribe(AsyncTransport.kt:45)
	at cc.home.SyncRequester.request(SyncRequester.kt:26)
	- locked <0x000000076b60c8d8> (a java.lang.Object)
	at cc.home.MainKt$deadlockWithSyncSyncRequester$1.run(Main.kt:48)
	at java.util.concurrent.Executors$RunnableAdapter.call(Executors.java:511)
	at java.util.concurrent.FutureTask.run(FutureTask.java:266)
	at java.util.concurrent.ThreadPoolExecutor.runWorker(ThreadPoolExecutor.java:1149)
	at java.util.concurrent.ThreadPoolExecutor$Worker.run(ThreadPoolExecutor.java:624)
	at java.lang.Thread.run(Thread.java:748)

"pool-1-thread-32" #42 prio=5 os_prio=31 tid=0x00007ff257056800 nid=0x6e03 waiting for monitor entry [0x0000700006922000]
   java.lang.Thread.State: BLOCKED (on object monitor)
	at java.util.Vector.removeElement(Vector.java:643)
	- waiting to lock <0x000000076eb623e8> (a java.util.Vector)
	at java.util.Vector.remove(Vector.java:802)
	at cc.home.AsyncTransport.unsubscribe(AsyncTransport.kt:45)
	at cc.home.SyncRequester.request(SyncRequester.kt:26)
	- locked <0x000000076b6b0640> (a java.lang.Object)
	at cc.home.MainKt$deadlockWithSyncSyncRequester$1.run(Main.kt:48)
	at java.util.concurrent.Executors$RunnableAdapter.call(Executors.java:511)
	at java.util.concurrent.FutureTask.run(FutureTask.java:266)
	at java.util.concurrent.ThreadPoolExecutor.runWorker(ThreadPoolExecutor.java:1149)
	at java.util.concurrent.ThreadPoolExecutor$Worker.run(ThreadPoolExecutor.java:624)
	at java.lang.Thread.run(Thread.java:748)

"pool-1-thread-31" #41 prio=5 os_prio=31 tid=0x00007ff255908800 nid=0x6d03 waiting for monitor entry [0x000070000681f000]
   java.lang.Thread.State: BLOCKED (on object monitor)
	at java.util.Vector.removeElement(Vector.java:643)
	- waiting to lock <0x000000076eb623e8> (a java.util.Vector)
	at java.util.Vector.remove(Vector.java:802)
	at cc.home.AsyncTransport.unsubscribe(AsyncTransport.kt:45)
	at cc.home.SyncRequester.request(SyncRequester.kt:26)
	- locked <0x000000076b7549e8> (a java.lang.Object)
	at cc.home.MainKt$deadlockWithSyncSyncRequester$1.run(Main.kt:48)
	at java.util.concurrent.Executors$RunnableAdapter.call(Executors.java:511)
	at java.util.concurrent.FutureTask.run(FutureTask.java:266)
	at java.util.concurrent.ThreadPoolExecutor.runWorker(ThreadPoolExecutor.java:1149)
	at java.util.concurrent.ThreadPoolExecutor$Worker.run(ThreadPoolExecutor.java:624)
	at java.lang.Thread.run(Thread.java:748)

"pool-1-thread-30" #40 prio=5 os_prio=31 tid=0x00007ff257055800 nid=0x6b03 waiting for monitor entry [0x000070000671c000]
   java.lang.Thread.State: BLOCKED (on object monitor)
	at java.util.Vector.removeElement(Vector.java:643)
	- waiting to lock <0x000000076eb623e8> (a java.util.Vector)
	at java.util.Vector.remove(Vector.java:802)
	at cc.home.AsyncTransport.unsubscribe(AsyncTransport.kt:45)
	at cc.home.SyncRequester.request(SyncRequester.kt:26)
	- locked <0x000000076b7f8128> (a java.lang.Object)
	at cc.home.MainKt$deadlockWithSyncSyncRequester$1.run(Main.kt:48)
	at java.util.concurrent.Executors$RunnableAdapter.call(Executors.java:511)
	at java.util.concurrent.FutureTask.run(FutureTask.java:266)
	at java.util.concurrent.ThreadPoolExecutor.runWorker(ThreadPoolExecutor.java:1149)
	at java.util.concurrent.ThreadPoolExecutor$Worker.run(ThreadPoolExecutor.java:624)
	at java.lang.Thread.run(Thread.java:748)

"pool-1-thread-29" #39 prio=5 os_prio=31 tid=0x00007ff257055000 nid=0x8b03 waiting for monitor entry [0x0000700006619000]
   java.lang.Thread.State: BLOCKED (on object monitor)
	at java.util.Vector.removeElement(Vector.java:643)
	- waiting to lock <0x000000076eb623e8> (a java.util.Vector)
	at java.util.Vector.remove(Vector.java:802)
	at cc.home.AsyncTransport.unsubscribe(AsyncTransport.kt:45)
	at cc.home.SyncRequester.request(SyncRequester.kt:26)
	- locked <0x000000076b89bf18> (a java.lang.Object)
	at cc.home.MainKt$deadlockWithSyncSyncRequester$1.run(Main.kt:48)
	at java.util.concurrent.Executors$RunnableAdapter.call(Executors.java:511)
	at java.util.concurrent.FutureTask.run(FutureTask.java:266)
	at java.util.concurrent.ThreadPoolExecutor.runWorker(ThreadPoolExecutor.java:1149)
	at java.util.concurrent.ThreadPoolExecutor$Worker.run(ThreadPoolExecutor.java:624)
	at java.lang.Thread.run(Thread.java:748)

"pool-1-thread-28" #38 prio=5 os_prio=31 tid=0x00007ff257054000 nid=0x8d03 waiting for monitor entry [0x0000700006516000]
   java.lang.Thread.State: BLOCKED (on object monitor)
	at java.util.Vector.removeElement(Vector.java:643)
	- waiting to lock <0x000000076eb623e8> (a java.util.Vector)
	at java.util.Vector.remove(Vector.java:802)
	at cc.home.AsyncTransport.unsubscribe(AsyncTransport.kt:45)
	at cc.home.SyncRequester.request(SyncRequester.kt:26)
	- locked <0x000000076b93fca8> (a java.lang.Object)
	at cc.home.MainKt$deadlockWithSyncSyncRequester$1.run(Main.kt:48)
	at java.util.concurrent.Executors$RunnableAdapter.call(Executors.java:511)
	at java.util.concurrent.FutureTask.run(FutureTask.java:266)
	at java.util.concurrent.ThreadPoolExecutor.runWorker(ThreadPoolExecutor.java:1149)
	at java.util.concurrent.ThreadPoolExecutor$Worker.run(ThreadPoolExecutor.java:624)
	at java.lang.Thread.run(Thread.java:748)

"pool-1-thread-27" #37 prio=5 os_prio=31 tid=0x00007ff255908000 nid=0x8f03 waiting for monitor entry [0x0000700006413000]
   java.lang.Thread.State: BLOCKED (on object monitor)
	at java.util.Vector.removeElement(Vector.java:643)
	- waiting to lock <0x000000076eb623e8> (a java.util.Vector)
	at java.util.Vector.remove(Vector.java:802)
	at cc.home.AsyncTransport.unsubscribe(AsyncTransport.kt:45)
	at cc.home.SyncRequester.request(SyncRequester.kt:26)
	- locked <0x000000076b9e3a38> (a java.lang.Object)
	at cc.home.MainKt$deadlockWithSyncSyncRequester$1.run(Main.kt:48)
	at java.util.concurrent.Executors$RunnableAdapter.call(Executors.java:511)
	at java.util.concurrent.FutureTask.run(FutureTask.java:266)
	at java.util.concurrent.ThreadPoolExecutor.runWorker(ThreadPoolExecutor.java:1149)
	at java.util.concurrent.ThreadPoolExecutor$Worker.run(ThreadPoolExecutor.java:624)
	at java.lang.Thread.run(Thread.java:748)

"pool-1-thread-26" #36 prio=5 os_prio=31 tid=0x00007ff257053800 nid=0x6903 waiting for monitor entry [0x0000700006310000]
   java.lang.Thread.State: BLOCKED (on object monitor)
	at java.util.Vector.removeElement(Vector.java:643)
	- waiting to lock <0x000000076eb623e8> (a java.util.Vector)
	at java.util.Vector.remove(Vector.java:802)
	at cc.home.AsyncTransport.unsubscribe(AsyncTransport.kt:45)
	at cc.home.SyncRequester.request(SyncRequester.kt:26)
	- locked <0x000000076ba87760> (a java.lang.Object)
	at cc.home.MainKt$deadlockWithSyncSyncRequester$1.run(Main.kt:48)
	at java.util.concurrent.Executors$RunnableAdapter.call(Executors.java:511)
	at java.util.concurrent.FutureTask.run(FutureTask.java:266)
	at java.util.concurrent.ThreadPoolExecutor.runWorker(ThreadPoolExecutor.java:1149)
	at java.util.concurrent.ThreadPoolExecutor$Worker.run(ThreadPoolExecutor.java:624)
	at java.lang.Thread.run(Thread.java:748)

"pool-1-thread-25" #35 prio=5 os_prio=31 tid=0x00007ff257052800 nid=0x6803 waiting for monitor entry [0x000070000620d000]
   java.lang.Thread.State: BLOCKED (on object monitor)
	at java.util.Vector.removeElement(Vector.java:643)
	- waiting to lock <0x000000076eb623e8> (a java.util.Vector)
	at java.util.Vector.remove(Vector.java:802)
	at cc.home.AsyncTransport.unsubscribe(AsyncTransport.kt:45)
	at cc.home.SyncRequester.request(SyncRequester.kt:26)
	- locked <0x000000076eb526a8> (a java.lang.Object)
	at cc.home.MainKt$deadlockWithSyncSyncRequester$1.run(Main.kt:48)
	at java.util.concurrent.Executors$RunnableAdapter.call(Executors.java:511)
	at java.util.concurrent.FutureTask.run(FutureTask.java:266)
	at java.util.concurrent.ThreadPoolExecutor.runWorker(ThreadPoolExecutor.java:1149)
	at java.util.concurrent.ThreadPoolExecutor$Worker.run(ThreadPoolExecutor.java:624)
	at java.lang.Thread.run(Thread.java:748)

"pool-1-thread-24" #34 prio=5 os_prio=31 tid=0x00007ff255907000 nid=0x9203 waiting for monitor entry [0x000070000610a000]
   java.lang.Thread.State: BLOCKED (on object monitor)
	at java.util.Vector.removeElement(Vector.java:643)
	- waiting to lock <0x000000076eb623e8> (a java.util.Vector)
	at java.util.Vector.remove(Vector.java:802)
	at cc.home.AsyncTransport.unsubscribe(AsyncTransport.kt:45)
	at cc.home.SyncRequester.request(SyncRequester.kt:26)
	- locked <0x000000076bbcf288> (a java.lang.Object)
	at cc.home.MainKt$deadlockWithSyncSyncRequester$1.run(Main.kt:48)
	at java.util.concurrent.Executors$RunnableAdapter.call(Executors.java:511)
	at java.util.concurrent.FutureTask.run(FutureTask.java:266)
	at java.util.concurrent.ThreadPoolExecutor.runWorker(ThreadPoolExecutor.java:1149)
	at java.util.concurrent.ThreadPoolExecutor$Worker.run(ThreadPoolExecutor.java:624)
	at java.lang.Thread.run(Thread.java:748)

"pool-1-thread-23" #33 prio=5 os_prio=31 tid=0x00007ff255906800 nid=0x9403 waiting for monitor entry [0x0000700006007000]
   java.lang.Thread.State: BLOCKED (on object monitor)
	at java.util.Vector.removeElement(Vector.java:643)
	- waiting to lock <0x000000076eb623e8> (a java.util.Vector)
	at java.util.Vector.remove(Vector.java:802)
	at cc.home.AsyncTransport.unsubscribe(AsyncTransport.kt:45)
	at cc.home.SyncRequester.request(SyncRequester.kt:26)
	- locked <0x000000076bc73108> (a java.lang.Object)
	at cc.home.MainKt$deadlockWithSyncSyncRequester$1.run(Main.kt:48)
	at java.util.concurrent.Executors$RunnableAdapter.call(Executors.java:511)
	at java.util.concurrent.FutureTask.run(FutureTask.java:266)
	at java.util.concurrent.ThreadPoolExecutor.runWorker(ThreadPoolExecutor.java:1149)
	at java.util.concurrent.ThreadPoolExecutor$Worker.run(ThreadPoolExecutor.java:624)
	at java.lang.Thread.run(Thread.java:748)

"pool-1-thread-22" #32 prio=5 os_prio=31 tid=0x00007ff255905800 nid=0x9603 waiting for monitor entry [0x0000700005f04000]
   java.lang.Thread.State: BLOCKED (on object monitor)
	at java.util.Vector.add(Vector.java:784)
	- waiting to lock <0x000000076eb623e8> (a java.util.Vector)
	at cc.home.AsyncTransport.subscribe(AsyncTransport.kt:39)
	at cc.home.SyncRequester.request(SyncRequester.kt:10)
	at cc.home.MainKt$deadlockWithSyncSyncRequester$1.run(Main.kt:48)
	at java.util.concurrent.Executors$RunnableAdapter.call(Executors.java:511)
	at java.util.concurrent.FutureTask.run(FutureTask.java:266)
	at java.util.concurrent.ThreadPoolExecutor.runWorker(ThreadPoolExecutor.java:1149)
	at java.util.concurrent.ThreadPoolExecutor$Worker.run(ThreadPoolExecutor.java:624)
	at java.lang.Thread.run(Thread.java:748)

"pool-1-thread-21" #31 prio=5 os_prio=31 tid=0x00007ff25694f000 nid=0x9803 waiting for monitor entry [0x0000700005e01000]
   java.lang.Thread.State: BLOCKED (on object monitor)
	at java.util.Vector.removeElement(Vector.java:643)
	- waiting to lock <0x000000076eb623e8> (a java.util.Vector)
	at java.util.Vector.remove(Vector.java:802)
	at cc.home.AsyncTransport.unsubscribe(AsyncTransport.kt:45)
	at cc.home.SyncRequester.request(SyncRequester.kt:26)
	- locked <0x000000076bdbac48> (a java.lang.Object)
	at cc.home.MainKt$deadlockWithSyncSyncRequester$1.run(Main.kt:48)
	at java.util.concurrent.Executors$RunnableAdapter.call(Executors.java:511)
	at java.util.concurrent.FutureTask.run(FutureTask.java:266)
	at java.util.concurrent.ThreadPoolExecutor.runWorker(ThreadPoolExecutor.java:1149)
	at java.util.concurrent.ThreadPoolExecutor$Worker.run(ThreadPoolExecutor.java:624)
	at java.lang.Thread.run(Thread.java:748)

"pool-1-thread-20" #30 prio=5 os_prio=31 tid=0x00007ff256077800 nid=0x9903 waiting for monitor entry [0x0000700005cfe000]
   java.lang.Thread.State: BLOCKED (on object monitor)
	at java.util.Vector.removeElement(Vector.java:643)
	- waiting to lock <0x000000076eb623e8> (a java.util.Vector)
	at java.util.Vector.remove(Vector.java:802)
	at cc.home.AsyncTransport.unsubscribe(AsyncTransport.kt:45)
	at cc.home.SyncRequester.request(SyncRequester.kt:26)
	- locked <0x000000076be5e8a0> (a java.lang.Object)
	at cc.home.MainKt$deadlockWithSyncSyncRequester$1.run(Main.kt:48)
	at java.util.concurrent.Executors$RunnableAdapter.call(Executors.java:511)
	at java.util.concurrent.FutureTask.run(FutureTask.java:266)
	at java.util.concurrent.ThreadPoolExecutor.runWorker(ThreadPoolExecutor.java:1149)
	at java.util.concurrent.ThreadPoolExecutor$Worker.run(ThreadPoolExecutor.java:624)
	at java.lang.Thread.run(Thread.java:748)

"pool-1-thread-19" #29 prio=5 os_prio=31 tid=0x00007ff256076800 nid=0x6503 waiting for monitor entry [0x0000700005bfb000]
   java.lang.Thread.State: BLOCKED (on object monitor)
	at java.util.Vector.removeElement(Vector.java:643)
	- waiting to lock <0x000000076eb623e8> (a java.util.Vector)
	at java.util.Vector.remove(Vector.java:802)
	at cc.home.AsyncTransport.unsubscribe(AsyncTransport.kt:45)
	at cc.home.SyncRequester.request(SyncRequester.kt:26)
	- locked <0x000000076eb11660> (a java.lang.Object)
	at cc.home.MainKt$deadlockWithSyncSyncRequester$1.run(Main.kt:48)
	at java.util.concurrent.Executors$RunnableAdapter.call(Executors.java:511)
	at java.util.concurrent.FutureTask.run(FutureTask.java:266)
	at java.util.concurrent.ThreadPoolExecutor.runWorker(ThreadPoolExecutor.java:1149)
	at java.util.concurrent.ThreadPoolExecutor$Worker.run(ThreadPoolExecutor.java:624)
	at java.lang.Thread.run(Thread.java:748)

"pool-1-thread-18" #28 prio=5 os_prio=31 tid=0x00007ff256043000 nid=0x6303 waiting for monitor entry [0x0000700005af8000]
   java.lang.Thread.State: BLOCKED (on object monitor)
	at java.util.Vector.removeElement(Vector.java:643)
	- waiting to lock <0x000000076eb623e8> (a java.util.Vector)
	at java.util.Vector.remove(Vector.java:802)
	at cc.home.AsyncTransport.unsubscribe(AsyncTransport.kt:45)
	at cc.home.SyncRequester.request(SyncRequester.kt:26)
	- locked <0x000000076bfa70c0> (a java.lang.Object)
	at cc.home.MainKt$deadlockWithSyncSyncRequester$1.run(Main.kt:48)
	at java.util.concurrent.Executors$RunnableAdapter.call(Executors.java:511)
	at java.util.concurrent.FutureTask.run(FutureTask.java:266)
	at java.util.concurrent.ThreadPoolExecutor.runWorker(ThreadPoolExecutor.java:1149)
	at java.util.concurrent.ThreadPoolExecutor$Worker.run(ThreadPoolExecutor.java:624)
	at java.lang.Thread.run(Thread.java:748)

"pool-1-thread-17" #27 prio=5 os_prio=31 tid=0x00007ff25694e800 nid=0x6103 waiting for monitor entry [0x00007000059f5000]
   java.lang.Thread.State: BLOCKED (on object monitor)
	at java.util.Vector.removeElement(Vector.java:643)
	- waiting to lock <0x000000076eb623e8> (a java.util.Vector)
	at java.util.Vector.remove(Vector.java:802)
	at cc.home.AsyncTransport.unsubscribe(AsyncTransport.kt:45)
	at cc.home.SyncRequester.request(SyncRequester.kt:26)
	- locked <0x000000076c04a178> (a java.lang.Object)
	at cc.home.MainKt$deadlockWithSyncSyncRequester$1.run(Main.kt:48)
	at java.util.concurrent.Executors$RunnableAdapter.call(Executors.java:511)
	at java.util.concurrent.FutureTask.run(FutureTask.java:266)
	at java.util.concurrent.ThreadPoolExecutor.runWorker(ThreadPoolExecutor.java:1149)
	at java.util.concurrent.ThreadPoolExecutor$Worker.run(ThreadPoolExecutor.java:624)
	at java.lang.Thread.run(Thread.java:748)

"pool-1-thread-16" #26 prio=5 os_prio=31 tid=0x00007ff25694d800 nid=0x6003 waiting for monitor entry [0x00007000058f2000]
   java.lang.Thread.State: BLOCKED (on object monitor)
	at java.util.Vector.removeElement(Vector.java:643)
	- waiting to lock <0x000000076eb623e8> (a java.util.Vector)
	at java.util.Vector.remove(Vector.java:802)
	at cc.home.AsyncTransport.unsubscribe(AsyncTransport.kt:45)
	at cc.home.SyncRequester.request(SyncRequester.kt:26)
	- locked <0x000000076c0edf68> (a java.lang.Object)
	at cc.home.MainKt$deadlockWithSyncSyncRequester$1.run(Main.kt:48)
	at java.util.concurrent.Executors$RunnableAdapter.call(Executors.java:511)
	at java.util.concurrent.FutureTask.run(FutureTask.java:266)
	at java.util.concurrent.ThreadPoolExecutor.runWorker(ThreadPoolExecutor.java:1149)
	at java.util.concurrent.ThreadPoolExecutor$Worker.run(ThreadPoolExecutor.java:624)
	at java.lang.Thread.run(Thread.java:748)

"pool-1-thread-15" #25 prio=5 os_prio=31 tid=0x00007ff25689c000 nid=0x9d03 waiting for monitor entry [0x00007000057ef000]
   java.lang.Thread.State: BLOCKED (on object monitor)
	at java.util.Vector.removeElement(Vector.java:643)
	- waiting to lock <0x000000076eb623e8> (a java.util.Vector)
	at java.util.Vector.remove(Vector.java:802)
	at cc.home.AsyncTransport.unsubscribe(AsyncTransport.kt:45)
	at cc.home.SyncRequester.request(SyncRequester.kt:26)
	- locked <0x000000076c191c98> (a java.lang.Object)
	at cc.home.MainKt$deadlockWithSyncSyncRequester$1.run(Main.kt:48)
	at java.util.concurrent.Executors$RunnableAdapter.call(Executors.java:511)
	at java.util.concurrent.FutureTask.run(FutureTask.java:266)
	at java.util.concurrent.ThreadPoolExecutor.runWorker(ThreadPoolExecutor.java:1149)
	at java.util.concurrent.ThreadPoolExecutor$Worker.run(ThreadPoolExecutor.java:624)
	at java.lang.Thread.run(Thread.java:748)

"pool-1-thread-14" #24 prio=5 os_prio=31 tid=0x00007ff256042000 nid=0x9e03 waiting for monitor entry [0x00007000056ec000]
   java.lang.Thread.State: BLOCKED (on object monitor)
	at java.util.Vector.removeElement(Vector.java:643)
	- waiting to lock <0x000000076eb623e8> (a java.util.Vector)
	at java.util.Vector.remove(Vector.java:802)
	at cc.home.AsyncTransport.unsubscribe(AsyncTransport.kt:45)
	at cc.home.SyncRequester.request(SyncRequester.kt:26)
	- locked <0x000000076c235a28> (a java.lang.Object)
	at cc.home.MainKt$deadlockWithSyncSyncRequester$1.run(Main.kt:48)
	at java.util.concurrent.Executors$RunnableAdapter.call(Executors.java:511)
	at java.util.concurrent.FutureTask.run(FutureTask.java:266)
	at java.util.concurrent.ThreadPoolExecutor.runWorker(ThreadPoolExecutor.java:1149)
	at java.util.concurrent.ThreadPoolExecutor$Worker.run(ThreadPoolExecutor.java:624)
	at java.lang.Thread.run(Thread.java:748)

"pool-1-thread-13" #23 prio=5 os_prio=31 tid=0x00007ff256041800 nid=0x5e03 waiting for monitor entry [0x00007000055e9000]
   java.lang.Thread.State: BLOCKED (on object monitor)
	at java.util.Vector.removeElement(Vector.java:643)
	- waiting to lock <0x000000076eb623e8> (a java.util.Vector)
	at java.util.Vector.remove(Vector.java:802)
	at cc.home.AsyncTransport.unsubscribe(AsyncTransport.kt:45)
	at cc.home.SyncRequester.request(SyncRequester.kt:26)
	- locked <0x000000076c2d9818> (a java.lang.Object)
	at cc.home.MainKt$deadlockWithSyncSyncRequester$1.run(Main.kt:48)
	at java.util.concurrent.Executors$RunnableAdapter.call(Executors.java:511)
	at java.util.concurrent.FutureTask.run(FutureTask.java:266)
	at java.util.concurrent.ThreadPoolExecutor.runWorker(ThreadPoolExecutor.java:1149)
	at java.util.concurrent.ThreadPoolExecutor$Worker.run(ThreadPoolExecutor.java:624)
	at java.lang.Thread.run(Thread.java:748)

"pool-1-thread-12" #22 prio=5 os_prio=31 tid=0x00007ff25694d000 nid=0xa003 waiting for monitor entry [0x00007000054e6000]
   java.lang.Thread.State: BLOCKED (on object monitor)
	at java.util.Vector.removeElement(Vector.java:643)
	- waiting to lock <0x000000076eb623e8> (a java.util.Vector)
	at java.util.Vector.remove(Vector.java:802)
	at cc.home.AsyncTransport.unsubscribe(AsyncTransport.kt:45)
	at cc.home.SyncRequester.request(SyncRequester.kt:26)
	- locked <0x000000076c37d580> (a java.lang.Object)
	at cc.home.MainKt$deadlockWithSyncSyncRequester$1.run(Main.kt:48)
	at java.util.concurrent.Executors$RunnableAdapter.call(Executors.java:511)
	at java.util.concurrent.FutureTask.run(FutureTask.java:266)
	at java.util.concurrent.ThreadPoolExecutor.runWorker(ThreadPoolExecutor.java:1149)
	at java.util.concurrent.ThreadPoolExecutor$Worker.run(ThreadPoolExecutor.java:624)
	at java.lang.Thread.run(Thread.java:748)

"pool-1-thread-11" #21 prio=5 os_prio=31 tid=0x00007ff25586b000 nid=0x5b03 waiting for monitor entry [0x00007000053e3000]
   java.lang.Thread.State: BLOCKED (on object monitor)
	at java.util.Vector.removeElement(Vector.java:643)
	- waiting to lock <0x000000076eb623e8> (a java.util.Vector)
	at java.util.Vector.remove(Vector.java:802)
	at cc.home.AsyncTransport.unsubscribe(AsyncTransport.kt:45)
	at cc.home.SyncRequester.request(SyncRequester.kt:26)
	- locked <0x000000076c421338> (a java.lang.Object)
	at cc.home.MainKt$deadlockWithSyncSyncRequester$1.run(Main.kt:48)
	at java.util.concurrent.Executors$RunnableAdapter.call(Executors.java:511)
	at java.util.concurrent.FutureTask.run(FutureTask.java:266)
	at java.util.concurrent.ThreadPoolExecutor.runWorker(ThreadPoolExecutor.java:1149)
	at java.util.concurrent.ThreadPoolExecutor$Worker.run(ThreadPoolExecutor.java:624)
	at java.lang.Thread.run(Thread.java:748)

"pool-1-thread-10" #20 prio=5 os_prio=31 tid=0x00007ff25688c000 nid=0x5a03 waiting for monitor entry [0x00007000052e0000]
   java.lang.Thread.State: BLOCKED (on object monitor)
	at java.util.Vector.removeElement(Vector.java:643)
	- waiting to lock <0x000000076eb623e8> (a java.util.Vector)
	at java.util.Vector.remove(Vector.java:802)
	at cc.home.AsyncTransport.unsubscribe(AsyncTransport.kt:45)
	at cc.home.SyncRequester.request(SyncRequester.kt:26)
	- locked <0x000000076c7546c8> (a java.lang.Object)
	at cc.home.MainKt$deadlockWithSyncSyncRequester$1.run(Main.kt:48)
	at java.util.concurrent.Executors$RunnableAdapter.call(Executors.java:511)
	at java.util.concurrent.FutureTask.run(FutureTask.java:266)
	at java.util.concurrent.ThreadPoolExecutor.runWorker(ThreadPoolExecutor.java:1149)
	at java.util.concurrent.ThreadPoolExecutor$Worker.run(ThreadPoolExecutor.java:624)
	at java.lang.Thread.run(Thread.java:748)

"pool-1-thread-9" #19 prio=5 os_prio=31 tid=0x00007ff25586a000 nid=0xa303 waiting for monitor entry [0x00007000051dd000]
   java.lang.Thread.State: BLOCKED (on object monitor)
	at java.util.Vector.removeElement(Vector.java:643)
	- waiting to lock <0x000000076eb623e8> (a java.util.Vector)
	at java.util.Vector.remove(Vector.java:802)
	at cc.home.AsyncTransport.unsubscribe(AsyncTransport.kt:45)
	at cc.home.SyncRequester.request(SyncRequester.kt:26)
	- locked <0x000000076c4c50c8> (a java.lang.Object)
	at cc.home.MainKt$deadlockWithSyncSyncRequester$1.run(Main.kt:48)
	at java.util.concurrent.Executors$RunnableAdapter.call(Executors.java:511)
	at java.util.concurrent.FutureTask.run(FutureTask.java:266)
	at java.util.concurrent.ThreadPoolExecutor.runWorker(ThreadPoolExecutor.java:1149)
	at java.util.concurrent.ThreadPoolExecutor$Worker.run(ThreadPoolExecutor.java:624)
	at java.lang.Thread.run(Thread.java:748)

"pool-1-thread-8" #18 prio=5 os_prio=31 tid=0x00007ff257052000 nid=0xa503 waiting for monitor entry [0x00007000050da000]
   java.lang.Thread.State: BLOCKED (on object monitor)
	at java.util.Vector.removeElement(Vector.java:643)
	- waiting to lock <0x000000076eb623e8> (a java.util.Vector)
	at java.util.Vector.remove(Vector.java:802)
	at cc.home.AsyncTransport.unsubscribe(AsyncTransport.kt:45)
	at cc.home.SyncRequester.request(SyncRequester.kt:26)
	- locked <0x000000076ab1bdc0> (a java.lang.Object)
	at cc.home.MainKt$deadlockWithSyncSyncRequester$1.run(Main.kt:48)
	at java.util.concurrent.Executors$RunnableAdapter.call(Executors.java:511)
	at java.util.concurrent.FutureTask.run(FutureTask.java:266)
	at java.util.concurrent.ThreadPoolExecutor.runWorker(ThreadPoolExecutor.java:1149)
	at java.util.concurrent.ThreadPoolExecutor$Worker.run(ThreadPoolExecutor.java:624)
	at java.lang.Thread.run(Thread.java:748)

"pool-1-thread-7" #17 prio=5 os_prio=31 tid=0x00007ff257051000 nid=0x5903 waiting for monitor entry [0x0000700004fd7000]
   java.lang.Thread.State: BLOCKED (on object monitor)
	at java.util.Vector.removeElement(Vector.java:643)
	- waiting to lock <0x000000076eb623e8> (a java.util.Vector)
	at java.util.Vector.remove(Vector.java:802)
	at cc.home.AsyncTransport.unsubscribe(AsyncTransport.kt:45)
	at cc.home.SyncRequester.request(SyncRequester.kt:26)
	- locked <0x000000076c93ff58> (a java.lang.Object)
	at cc.home.MainKt$deadlockWithSyncSyncRequester$1.run(Main.kt:48)
	at java.util.concurrent.Executors$RunnableAdapter.call(Executors.java:511)
	at java.util.concurrent.FutureTask.run(FutureTask.java:266)
	at java.util.concurrent.ThreadPoolExecutor.runWorker(ThreadPoolExecutor.java:1149)
	at java.util.concurrent.ThreadPoolExecutor$Worker.run(ThreadPoolExecutor.java:624)
	at java.lang.Thread.run(Thread.java:748)

"pool-1-thread-6" #16 prio=5 os_prio=31 tid=0x00007ff257050800 nid=0xa803 waiting for monitor entry [0x0000700004ed4000]
   java.lang.Thread.State: BLOCKED (on object monitor)
	at java.util.Vector.removeElement(Vector.java:643)
	- waiting to lock <0x000000076eb623e8> (a java.util.Vector)
	at java.util.Vector.remove(Vector.java:802)
	at cc.home.AsyncTransport.unsubscribe(AsyncTransport.kt:45)
	at cc.home.SyncRequester.request(SyncRequester.kt:26)
	- locked <0x000000076c568e58> (a java.lang.Object)
	at cc.home.MainKt$deadlockWithSyncSyncRequester$1.run(Main.kt:48)
	at java.util.concurrent.Executors$RunnableAdapter.call(Executors.java:511)
	at java.util.concurrent.FutureTask.run(FutureTask.java:266)
	at java.util.concurrent.ThreadPoolExecutor.runWorker(ThreadPoolExecutor.java:1149)
	at java.util.concurrent.ThreadPoolExecutor$Worker.run(ThreadPoolExecutor.java:624)
	at java.lang.Thread.run(Thread.java:748)

"pool-1-thread-5" #15 prio=5 os_prio=31 tid=0x00007ff255869800 nid=0x5703 waiting for monitor entry [0x0000700004dd1000]
   java.lang.Thread.State: BLOCKED (on object monitor)
	at java.util.Vector.removeElement(Vector.java:643)
	- waiting to lock <0x000000076eb623e8> (a java.util.Vector)
	at java.util.Vector.remove(Vector.java:802)
	at cc.home.AsyncTransport.unsubscribe(AsyncTransport.kt:45)
	at cc.home.SyncRequester.request(SyncRequester.kt:26)
	- locked <0x000000076c60cbc0> (a java.lang.Object)
	at cc.home.MainKt$deadlockWithSyncSyncRequester$1.run(Main.kt:48)
	at java.util.concurrent.Executors$RunnableAdapter.call(Executors.java:511)
	at java.util.concurrent.FutureTask.run(FutureTask.java:266)
	at java.util.concurrent.ThreadPoolExecutor.runWorker(ThreadPoolExecutor.java:1149)
	at java.util.concurrent.ThreadPoolExecutor$Worker.run(ThreadPoolExecutor.java:624)
	at java.lang.Thread.run(Thread.java:748)

"pool-1-thread-4" #14 prio=5 os_prio=31 tid=0x00007ff25704a000 nid=0xa903 waiting for monitor entry [0x0000700004cce000]
   java.lang.Thread.State: BLOCKED (on object monitor)
	at java.util.Vector.removeElement(Vector.java:643)
	- waiting to lock <0x000000076eb623e8> (a java.util.Vector)
	at java.util.Vector.remove(Vector.java:802)
	at cc.home.AsyncTransport.unsubscribe(AsyncTransport.kt:45)
	at cc.home.SyncRequester.request(SyncRequester.kt:26)
	- locked <0x000000076c9e64f0> (a java.lang.Object)
	at cc.home.MainKt$deadlockWithSyncSyncRequester$1.run(Main.kt:48)
	at java.util.concurrent.Executors$RunnableAdapter.call(Executors.java:511)
	at java.util.concurrent.FutureTask.run(FutureTask.java:266)
	at java.util.concurrent.ThreadPoolExecutor.runWorker(ThreadPoolExecutor.java:1149)
	at java.util.concurrent.ThreadPoolExecutor$Worker.run(ThreadPoolExecutor.java:624)
	at java.lang.Thread.run(Thread.java:748)

"pool-1-thread-3" #13 prio=5 os_prio=31 tid=0x00007ff257049000 nid=0x3c03 waiting for monitor entry [0x0000700004bcb000]
   java.lang.Thread.State: BLOCKED (on object monitor)
	at java.util.Vector.removeElement(Vector.java:643)
	- waiting to lock <0x000000076eb623e8> (a java.util.Vector)
	at java.util.Vector.remove(Vector.java:802)
	at cc.home.AsyncTransport.unsubscribe(AsyncTransport.kt:45)
	at cc.home.SyncRequester.request(SyncRequester.kt:26)
	- locked <0x000000076c7f8438> (a java.lang.Object)
	at cc.home.MainKt$deadlockWithSyncSyncRequester$1.run(Main.kt:48)
	at java.util.concurrent.Executors$RunnableAdapter.call(Executors.java:511)
	at java.util.concurrent.FutureTask.run(FutureTask.java:266)
	at java.util.concurrent.ThreadPoolExecutor.runWorker(ThreadPoolExecutor.java:1149)
	at java.util.concurrent.ThreadPoolExecutor$Worker.run(ThreadPoolExecutor.java:624)
	at java.lang.Thread.run(Thread.java:748)

"pool-1-thread-2" #12 prio=5 os_prio=31 tid=0x00007ff257048800 nid=0x3e03 waiting for monitor entry [0x0000700004ac8000]
   java.lang.Thread.State: BLOCKED (on object monitor)
	at java.util.Vector.removeElement(Vector.java:643)
	- waiting to lock <0x000000076eb623e8> (a java.util.Vector)
	at java.util.Vector.remove(Vector.java:802)
	at cc.home.AsyncTransport.unsubscribe(AsyncTransport.kt:45)
	at cc.home.SyncRequester.request(SyncRequester.kt:26)
	- locked <0x000000076c89c200> (a java.lang.Object)
	at cc.home.MainKt$deadlockWithSyncSyncRequester$1.run(Main.kt:48)
	at java.util.concurrent.Executors$RunnableAdapter.call(Executors.java:511)
	at java.util.concurrent.FutureTask.run(FutureTask.java:266)
	at java.util.concurrent.ThreadPoolExecutor.runWorker(ThreadPoolExecutor.java:1149)
	at java.util.concurrent.ThreadPoolExecutor$Worker.run(ThreadPoolExecutor.java:624)
	at java.lang.Thread.run(Thread.java:748)

"pool-1-thread-1" #11 prio=5 os_prio=31 tid=0x00007ff255863000 nid=0x3a03 waiting for monitor entry [0x00007000049c5000]
   java.lang.Thread.State: BLOCKED (on object monitor)
	at java.util.Vector.removeElement(Vector.java:643)
	- waiting to lock <0x000000076eb623e8> (a java.util.Vector)
	at java.util.Vector.remove(Vector.java:802)
	at cc.home.AsyncTransport.unsubscribe(AsyncTransport.kt:45)
	at cc.home.SyncRequester.request(SyncRequester.kt:26)
	- locked <0x000000076c6b0918> (a java.lang.Object)
	at cc.home.MainKt$deadlockWithSyncSyncRequester$1.run(Main.kt:48)
	at java.util.concurrent.Executors$RunnableAdapter.call(Executors.java:511)
	at java.util.concurrent.FutureTask.run(FutureTask.java:266)
	at java.util.concurrent.ThreadPoolExecutor.runWorker(ThreadPoolExecutor.java:1149)
	at java.util.concurrent.ThreadPoolExecutor$Worker.run(ThreadPoolExecutor.java:624)
	at java.lang.Thread.run(Thread.java:748)

"UpdateDispatcherThread" #10 prio=5 os_prio=31 tid=0x00007ff2558f9000 nid=0x3803 waiting for monitor entry [0x00007000048c2000]
   java.lang.Thread.State: BLOCKED (on object monitor)
	at cc.home.SyncRequester.onUpdate(SyncRequester.kt:35)
	- waiting to lock <0x000000076ad9fec8> (a java.lang.Object)
	at cc.home.SyncRequester.access$onUpdate(SyncRequester.kt:5)
	at cc.home.SyncRequester$request$subscription$1.invoke(SyncRequester.kt:10)
	at cc.home.SyncRequester$request$subscription$1.invoke(SyncRequester.kt:5)
	at cc.home.AsyncTransport.pollUpdate(AsyncTransport.kt:27)
	- locked <0x000000076eb623e8> (a java.util.Vector)
	at cc.home.AsyncTransport.pollUpdateForSubscriptions(AsyncTransport.kt:17)
	at cc.home.AsyncTransport.access$pollUpdateForSubscriptions(AsyncTransport.kt:6)
	at cc.home.AsyncTransport$dispatcherThread$1.invoke(AsyncTransport.kt:8)
	at cc.home.AsyncTransport$dispatcherThread$1.invoke(AsyncTransport.kt:6)
	at cc.home.AsyncTransport$sam$java_lang_Runnable$0.run(AsyncTransport.kt)
	at java.lang.Thread.run(Thread.java:748)

"Service Thread" #9 daemon prio=9 os_prio=31 tid=0x00007ff2558f6000 nid=0x4103 runnable [0x0000000000000000]
   java.lang.Thread.State: RUNNABLE

"C1 CompilerThread2" #8 daemon prio=9 os_prio=31 tid=0x00007ff2558dd800 nid=0x4303 waiting on condition [0x0000000000000000]
   java.lang.Thread.State: RUNNABLE

"C2 CompilerThread1" #7 daemon prio=9 os_prio=31 tid=0x00007ff25688b000 nid=0x3603 waiting on condition [0x0000000000000000]
   java.lang.Thread.State: RUNNABLE

"C2 CompilerThread0" #6 daemon prio=9 os_prio=31 tid=0x00007ff2558dc800 nid=0x4603 waiting on condition [0x0000000000000000]
   java.lang.Thread.State: RUNNABLE

"Monitor Ctrl-Break" #5 daemon prio=5 os_prio=31 tid=0x00007ff25688c800 nid=0x4803 runnable [0x00007000042b0000]
   java.lang.Thread.State: RUNNABLE
	at java.net.SocketInputStream.socketRead0(Native Method)
	at java.net.SocketInputStream.socketRead(SocketInputStream.java:116)
	at java.net.SocketInputStream.read(SocketInputStream.java:171)
	at java.net.SocketInputStream.read(SocketInputStream.java:141)
	at sun.nio.cs.StreamDecoder.readBytes(StreamDecoder.java:284)
	at sun.nio.cs.StreamDecoder.implRead(StreamDecoder.java:326)
	at sun.nio.cs.StreamDecoder.read(StreamDecoder.java:178)
	- locked <0x000000076eb05ed8> (a java.io.InputStreamReader)
	at java.io.InputStreamReader.read(InputStreamReader.java:184)
	at java.io.BufferedReader.fill(BufferedReader.java:161)
	at java.io.BufferedReader.readLine(BufferedReader.java:324)
	- locked <0x000000076eb05ed8> (a java.io.InputStreamReader)
	at java.io.BufferedReader.readLine(BufferedReader.java:389)
	at com.intellij.rt.execution.application.AppMainV2$1.run(AppMainV2.java:64)

"Signal Dispatcher" #4 daemon prio=9 os_prio=31 tid=0x00007ff256805800 nid=0x4a0b runnable [0x0000000000000000]
   java.lang.Thread.State: RUNNABLE

"Finalizer" #3 daemon prio=8 os_prio=31 tid=0x00007ff255828000 nid=0x5003 in Object.wait() [0x0000700004027000]
   java.lang.Thread.State: WAITING (on object monitor)
	at java.lang.Object.wait(Native Method)
	- waiting on <0x000000076eb13670> (a java.lang.ref.ReferenceQueue$Lock)
	at java.lang.ref.ReferenceQueue.remove(ReferenceQueue.java:144)
	- locked <0x000000076eb13670> (a java.lang.ref.ReferenceQueue$Lock)
	at java.lang.ref.ReferenceQueue.remove(ReferenceQueue.java:165)
	at java.lang.ref.Finalizer$FinalizerThread.run(Finalizer.java:216)

"Reference Handler" #2 daemon prio=10 os_prio=31 tid=0x00007ff257005800 nid=0x5203 in Object.wait() [0x0000700003f24000]
   java.lang.Thread.State: WAITING (on object monitor)
	at java.lang.Object.wait(Native Method)
	- waiting on <0x000000076eb138a0> (a java.lang.ref.Reference$Lock)
	at java.lang.Object.wait(Object.java:502)
	at java.lang.ref.Reference.tryHandlePending(Reference.java:191)
	- locked <0x000000076eb138a0> (a java.lang.ref.Reference$Lock)
	at java.lang.ref.Reference$ReferenceHandler.run(Reference.java:153)

"main" #1 prio=5 os_prio=31 tid=0x00007ff25580a800 nid=0x1603 waiting on condition [0x0000700003912000]
   java.lang.Thread.State: TIMED_WAITING (parking)
	at sun.misc.Unsafe.park(Native Method)
	- parking to wait for  <0x000000076eb50200> (a java.util.concurrent.locks.AbstractQueuedSynchronizer$ConditionObject)
	at java.util.concurrent.locks.LockSupport.parkNanos(LockSupport.java:215)
	at java.util.concurrent.locks.AbstractQueuedSynchronizer$ConditionObject.awaitNanos(AbstractQueuedSynchronizer.java:2078)
	at java.util.concurrent.ThreadPoolExecutor.awaitTermination(ThreadPoolExecutor.java:1475)
	at cc.home.MainKt.deadlockWithSyncSyncRequester(Main.kt:54)
	at cc.home.MainKt.main(Main.kt:14)
	at cc.home.MainKt.main(Main.kt)

"VM Thread" os_prio=31 tid=0x00007ff255825800 nid=0x5303 runnable 

"GC task thread#0 (ParallelGC)" os_prio=31 tid=0x00007ff25680b000 nid=0x1f07 runnable 

"GC task thread#1 (ParallelGC)" os_prio=31 tid=0x00007ff256002800 nid=0x1c03 runnable 

"GC task thread#2 (ParallelGC)" os_prio=31 tid=0x00007ff256003000 nid=0x2a03 runnable 

"GC task thread#3 (ParallelGC)" os_prio=31 tid=0x00007ff256003800 nid=0x2b03 runnable 

"VM Periodic Task Thread" os_prio=31 tid=0x00007ff2558f7000 nid=0x4003 waiting on condition 

JNI global references: 15


Found one Java-level deadlock:
=============================
"pool-1-thread-50":
  waiting to lock monitor 0x00007ff2570762a8 (object 0x000000076eb623e8, a java.util.Vector),
  which is held by "UpdateDispatcherThread"
"UpdateDispatcherThread":
  waiting to lock monitor 0x00007ff2559144b8 (object 0x000000076ad9fec8, a java.lang.Object),
  which is held by "pool-1-thread-49"
"pool-1-thread-49":
  waiting to lock monitor 0x00007ff2570762a8 (object 0x000000076eb623e8, a java.util.Vector),
  which is held by "UpdateDispatcherThread"

Java stack information for the threads listed above:
===================================================
"pool-1-thread-50":
	at java.util.Vector.removeElement(Vector.java:643)
	- waiting to lock <0x000000076eb623e8> (a java.util.Vector)
	at java.util.Vector.remove(Vector.java:802)
	at cc.home.AsyncTransport.unsubscribe(AsyncTransport.kt:45)
	at cc.home.SyncRequester.request(SyncRequester.kt:26)
	- locked <0x000000076adae488> (a java.lang.Object)
	at cc.home.MainKt$deadlockWithSyncSyncRequester$1.run(Main.kt:48)
	at java.util.concurrent.Executors$RunnableAdapter.call(Executors.java:511)
	at java.util.concurrent.FutureTask.run(FutureTask.java:266)
	at java.util.concurrent.ThreadPoolExecutor.runWorker(ThreadPoolExecutor.java:1149)
	at java.util.concurrent.ThreadPoolExecutor$Worker.run(ThreadPoolExecutor.java:624)
	at java.lang.Thread.run(Thread.java:748)
"UpdateDispatcherThread":
	at cc.home.SyncRequester.onUpdate(SyncRequester.kt:35)
	- waiting to lock <0x000000076ad9fec8> (a java.lang.Object)
	at cc.home.SyncRequester.access$onUpdate(SyncRequester.kt:5)
	at cc.home.SyncRequester$request$subscription$1.invoke(SyncRequester.kt:10)
	at cc.home.SyncRequester$request$subscription$1.invoke(SyncRequester.kt:5)
	at cc.home.AsyncTransport.pollUpdate(AsyncTransport.kt:27)
	- locked <0x000000076eb623e8> (a java.util.Vector)
	at cc.home.AsyncTransport.pollUpdateForSubscriptions(AsyncTransport.kt:17)
	at cc.home.AsyncTransport.access$pollUpdateForSubscriptions(AsyncTransport.kt:6)
	at cc.home.AsyncTransport$dispatcherThread$1.invoke(AsyncTransport.kt:8)
	at cc.home.AsyncTransport$dispatcherThread$1.invoke(AsyncTransport.kt:6)
	at cc.home.AsyncTransport$sam$java_lang_Runnable$0.run(AsyncTransport.kt)
	at java.lang.Thread.run(Thread.java:748)
"pool-1-thread-49":
	at java.util.Vector.removeElement(Vector.java:643)
	- waiting to lock <0x000000076eb623e8> (a java.util.Vector)
	at java.util.Vector.remove(Vector.java:802)
	at cc.home.AsyncTransport.unsubscribe(AsyncTransport.kt:45)
	at cc.home.SyncRequester.request(SyncRequester.kt:26)
	- locked <0x000000076ad9fec8> (a java.lang.Object)
	at cc.home.MainKt$deadlockWithSyncSyncRequester$1.run(Main.kt:48)
	at java.util.concurrent.Executors$RunnableAdapter.call(Executors.java:511)
	at java.util.concurrent.FutureTask.run(FutureTask.java:266)
	at java.util.concurrent.ThreadPoolExecutor.runWorker(ThreadPoolExecutor.java:1149)
	at java.util.concurrent.ThreadPoolExecutor$Worker.run(ThreadPoolExecutor.java:624)
	at java.lang.Thread.run(Thread.java:748)

Found 1 deadlock.

